Determining if the pthread_create exist failed with the following output:
Change Dir: /home/shaenar/TFM_DeepLearning/build/catkin_tools_prebuild/CMakeFiles/CMakeTmp

Run Build Command:"/usr/bin/make" "cmTC_b8adc/fast"
/usr/bin/make -f CMakeFiles/cmTC_b8adc.dir/build.make CMakeFiles/cmTC_b8adc.dir/build
make[1]: se entra en el directorio '/home/shaenar/TFM_DeepLearning/build/catkin_tools_prebuild/CMakeFiles/CMakeTmp'
Building C object CMakeFiles/cmTC_b8adc.dir/CheckSymbolExists.c.o
/usr/bin/cc    -o CMakeFiles/cmTC_b8adc.dir/CheckSymbolExists.c.o   -c /home/shaenar/TFM_DeepLearning/build/catkin_tools_prebuild/CMakeFiles/CMakeTmp/CheckSymbolExists.c
Linking C executable cmTC_b8adc
/usr/bin/cmake -E cmake_link_script CMakeFiles/cmTC_b8adc.dir/link.txt --verbose=1
/usr/bin/cc      -rdynamic CMakeFiles/cmTC_b8adc.dir/CheckSymbolExists.c.o  -o cmTC_b8adc 
CMakeFiles/cmTC_b8adc.dir/CheckSymbolExists.c.o: En la función `main':
CheckSymbolExists.c:(.text+0x1b): referencia a `pthread_create' sin definir
collect2: error: ld returned 1 exit status
CMakeFiles/cmTC_b8adc.dir/build.make:97: fallo en las instrucciones para el objetivo 'cmTC_b8adc'
make[1]: *** [cmTC_b8adc] Error 1
make[1]: se sale del directorio '/home/shaenar/TFM_DeepLearning/build/catkin_tools_prebuild/CMakeFiles/CMakeTmp'
Makefile:126: fallo en las instrucciones para el objetivo 'cmTC_b8adc/fast'
make: *** [cmTC_b8adc/fast] Error 2

File /home/shaenar/TFM_DeepLearning/build/catkin_tools_prebuild/CMakeFiles/CMakeTmp/CheckSymbolExists.c:
/* */
#include <pthread.h>

int main(int argc, char** argv)
{
  (void)argv;
#ifndef pthread_create
  return ((int*)(&pthread_create))[argc];
#else
  (void)argc;
  return 0;
#endif
}

Determining if the function pthread_create exists in the pthreads failed with the following output:
Change Dir: /home/shaenar/TFM_DeepLearning/build/catkin_tools_prebuild/CMakeFiles/CMakeTmp

Run Build Command:"/usr/bin/make" "cmTC_19ede/fast"
/usr/bin/make -f CMakeFiles/cmTC_19ede.dir/build.make CMakeFiles/cmTC_19ede.dir/build
make[1]: se entra en el directorio '/home/shaenar/TFM_DeepLearning/build/catkin_tools_prebuild/CMakeFiles/CMakeTmp'
Building C object CMakeFiles/cmTC_19ede.dir/CheckFunctionExists.c.o
/usr/bin/cc   -DCHECK_FUNCTION_EXISTS=pthread_create   -o CMakeFiles/cmTC_19ede.dir/CheckFunctionExists.c.o   -c /usr/share/cmake-3.10/Modules/CheckFunctionExists.c
Linking C executable cmTC_19ede
/usr/bin/cmake -E cmake_link_script CMakeFiles/cmTC_19ede.dir/link.txt --verbose=1
/usr/bin/cc  -DCHECK_FUNCTION_EXISTS=pthread_create    -rdynamic CMakeFiles/cmTC_19ede.dir/CheckFunctionExists.c.o  -o cmTC_19ede -lpthreads 
/usr/bin/ld: no se puede encontrar -lpthreads
collect2: error: ld returned 1 exit status
CMakeFiles/cmTC_19ede.dir/build.make:97: fallo en las instrucciones para el objetivo 'cmTC_19ede'
make[1]: *** [cmTC_19ede] Error 1
make[1]: se sale del directorio '/home/shaenar/TFM_DeepLearning/build/catkin_tools_prebuild/CMakeFiles/CMakeTmp'
Makefile:126: fallo en las instrucciones para el objetivo 'cmTC_19ede/fast'
make: *** [cmTC_19ede/fast] Error 2


