Determining if the pthread_create exist failed with the following output:
Change Dir: /home/shaenar/TFM_DeepLearning/build/turtlebot3_slam/CMakeFiles/CMakeTmp

Run Build Command:"/usr/bin/make" "cmTC_a0edf/fast"
/usr/bin/make -f CMakeFiles/cmTC_a0edf.dir/build.make CMakeFiles/cmTC_a0edf.dir/build
make[1]: se entra en el directorio '/home/shaenar/TFM_DeepLearning/build/turtlebot3_slam/CMakeFiles/CMakeTmp'
Building C object CMakeFiles/cmTC_a0edf.dir/CheckSymbolExists.c.o
/usr/bin/cc    -o CMakeFiles/cmTC_a0edf.dir/CheckSymbolExists.c.o   -c /home/shaenar/TFM_DeepLearning/build/turtlebot3_slam/CMakeFiles/CMakeTmp/CheckSymbolExists.c
Linking C executable cmTC_a0edf
/usr/bin/cmake -E cmake_link_script CMakeFiles/cmTC_a0edf.dir/link.txt --verbose=1
/usr/bin/cc      -rdynamic CMakeFiles/cmTC_a0edf.dir/CheckSymbolExists.c.o  -o cmTC_a0edf 
CMakeFiles/cmTC_a0edf.dir/CheckSymbolExists.c.o: En la función `main':
CheckSymbolExists.c:(.text+0x1b): referencia a `pthread_create' sin definir
collect2: error: ld returned 1 exit status
CMakeFiles/cmTC_a0edf.dir/build.make:97: fallo en las instrucciones para el objetivo 'cmTC_a0edf'
make[1]: *** [cmTC_a0edf] Error 1
make[1]: se sale del directorio '/home/shaenar/TFM_DeepLearning/build/turtlebot3_slam/CMakeFiles/CMakeTmp'
Makefile:126: fallo en las instrucciones para el objetivo 'cmTC_a0edf/fast'
make: *** [cmTC_a0edf/fast] Error 2

File /home/shaenar/TFM_DeepLearning/build/turtlebot3_slam/CMakeFiles/CMakeTmp/CheckSymbolExists.c:
/* */
#include <pthread.h>

int main(int argc, char** argv)
{
  (void)argv;
#ifndef pthread_create
  return ((int*)(&pthread_create))[argc];
#else
  (void)argc;
  return 0;
#endif
}

Determining if the function pthread_create exists in the pthreads failed with the following output:
Change Dir: /home/shaenar/TFM_DeepLearning/build/turtlebot3_slam/CMakeFiles/CMakeTmp

Run Build Command:"/usr/bin/make" "cmTC_02258/fast"
/usr/bin/make -f CMakeFiles/cmTC_02258.dir/build.make CMakeFiles/cmTC_02258.dir/build
make[1]: se entra en el directorio '/home/shaenar/TFM_DeepLearning/build/turtlebot3_slam/CMakeFiles/CMakeTmp'
Building C object CMakeFiles/cmTC_02258.dir/CheckFunctionExists.c.o
/usr/bin/cc   -DCHECK_FUNCTION_EXISTS=pthread_create   -o CMakeFiles/cmTC_02258.dir/CheckFunctionExists.c.o   -c /usr/share/cmake-3.10/Modules/CheckFunctionExists.c
Linking C executable cmTC_02258
/usr/bin/cmake -E cmake_link_script CMakeFiles/cmTC_02258.dir/link.txt --verbose=1
/usr/bin/cc  -DCHECK_FUNCTION_EXISTS=pthread_create    -rdynamic CMakeFiles/cmTC_02258.dir/CheckFunctionExists.c.o  -o cmTC_02258 -lpthreads 
/usr/bin/ld: no se puede encontrar -lpthreads
collect2: error: ld returned 1 exit status
CMakeFiles/cmTC_02258.dir/build.make:97: fallo en las instrucciones para el objetivo 'cmTC_02258'
make[1]: *** [cmTC_02258] Error 1
make[1]: se sale del directorio '/home/shaenar/TFM_DeepLearning/build/turtlebot3_slam/CMakeFiles/CMakeTmp'
Makefile:126: fallo en las instrucciones para el objetivo 'cmTC_02258/fast'
make: *** [cmTC_02258/fast] Error 2


