Determining if the pthread_create exist failed with the following output:
Change Dir: /home/shaenar/TFM_DeepLearning/build/turtlebot3_bringup/CMakeFiles/CMakeTmp

Run Build Command:"/usr/bin/make" "cmTC_485ae/fast"
/usr/bin/make -f CMakeFiles/cmTC_485ae.dir/build.make CMakeFiles/cmTC_485ae.dir/build
make[1]: se entra en el directorio '/home/shaenar/TFM_DeepLearning/build/turtlebot3_bringup/CMakeFiles/CMakeTmp'
Building C object CMakeFiles/cmTC_485ae.dir/CheckSymbolExists.c.o
/usr/bin/cc    -o CMakeFiles/cmTC_485ae.dir/CheckSymbolExists.c.o   -c /home/shaenar/TFM_DeepLearning/build/turtlebot3_bringup/CMakeFiles/CMakeTmp/CheckSymbolExists.c
Linking C executable cmTC_485ae
/usr/bin/cmake -E cmake_link_script CMakeFiles/cmTC_485ae.dir/link.txt --verbose=1
/usr/bin/cc      -rdynamic CMakeFiles/cmTC_485ae.dir/CheckSymbolExists.c.o  -o cmTC_485ae 
CMakeFiles/cmTC_485ae.dir/CheckSymbolExists.c.o: En la función `main':
CheckSymbolExists.c:(.text+0x1b): referencia a `pthread_create' sin definir
collect2: error: ld returned 1 exit status
CMakeFiles/cmTC_485ae.dir/build.make:97: fallo en las instrucciones para el objetivo 'cmTC_485ae'
make[1]: *** [cmTC_485ae] Error 1
make[1]: se sale del directorio '/home/shaenar/TFM_DeepLearning/build/turtlebot3_bringup/CMakeFiles/CMakeTmp'
Makefile:126: fallo en las instrucciones para el objetivo 'cmTC_485ae/fast'
make: *** [cmTC_485ae/fast] Error 2

File /home/shaenar/TFM_DeepLearning/build/turtlebot3_bringup/CMakeFiles/CMakeTmp/CheckSymbolExists.c:
/* */
#include <pthread.h>

int main(int argc, char** argv)
{
  (void)argv;
#ifndef pthread_create
  return ((int*)(&pthread_create))[argc];
#else
  (void)argc;
  return 0;
#endif
}

Determining if the function pthread_create exists in the pthreads failed with the following output:
Change Dir: /home/shaenar/TFM_DeepLearning/build/turtlebot3_bringup/CMakeFiles/CMakeTmp

Run Build Command:"/usr/bin/make" "cmTC_b3cdf/fast"
/usr/bin/make -f CMakeFiles/cmTC_b3cdf.dir/build.make CMakeFiles/cmTC_b3cdf.dir/build
make[1]: se entra en el directorio '/home/shaenar/TFM_DeepLearning/build/turtlebot3_bringup/CMakeFiles/CMakeTmp'
Building C object CMakeFiles/cmTC_b3cdf.dir/CheckFunctionExists.c.o
/usr/bin/cc   -DCHECK_FUNCTION_EXISTS=pthread_create   -o CMakeFiles/cmTC_b3cdf.dir/CheckFunctionExists.c.o   -c /usr/share/cmake-3.10/Modules/CheckFunctionExists.c
Linking C executable cmTC_b3cdf
/usr/bin/cmake -E cmake_link_script CMakeFiles/cmTC_b3cdf.dir/link.txt --verbose=1
/usr/bin/cc  -DCHECK_FUNCTION_EXISTS=pthread_create    -rdynamic CMakeFiles/cmTC_b3cdf.dir/CheckFunctionExists.c.o  -o cmTC_b3cdf -lpthreads 
/usr/bin/ld: no se puede encontrar -lpthreads
collect2: error: ld returned 1 exit status
CMakeFiles/cmTC_b3cdf.dir/build.make:97: fallo en las instrucciones para el objetivo 'cmTC_b3cdf'
make[1]: *** [cmTC_b3cdf] Error 1
make[1]: se sale del directorio '/home/shaenar/TFM_DeepLearning/build/turtlebot3_bringup/CMakeFiles/CMakeTmp'
Makefile:126: fallo en las instrucciones para el objetivo 'cmTC_b3cdf/fast'
make: *** [cmTC_b3cdf/fast] Error 2


