Determining if the pthread_create exist failed with the following output:
Change Dir: /home/shaenar/TFM_DeepLearning/build/turtlebot3_msgs/CMakeFiles/CMakeTmp

Run Build Command:"/usr/bin/make" "cmTC_6e95e/fast"
/usr/bin/make -f CMakeFiles/cmTC_6e95e.dir/build.make CMakeFiles/cmTC_6e95e.dir/build
make[1]: se entra en el directorio '/home/shaenar/TFM_DeepLearning/build/turtlebot3_msgs/CMakeFiles/CMakeTmp'
Building C object CMakeFiles/cmTC_6e95e.dir/CheckSymbolExists.c.o
/usr/bin/cc    -o CMakeFiles/cmTC_6e95e.dir/CheckSymbolExists.c.o   -c /home/shaenar/TFM_DeepLearning/build/turtlebot3_msgs/CMakeFiles/CMakeTmp/CheckSymbolExists.c
Linking C executable cmTC_6e95e
/usr/bin/cmake -E cmake_link_script CMakeFiles/cmTC_6e95e.dir/link.txt --verbose=1
/usr/bin/cc      -rdynamic CMakeFiles/cmTC_6e95e.dir/CheckSymbolExists.c.o  -o cmTC_6e95e 
CMakeFiles/cmTC_6e95e.dir/CheckSymbolExists.c.o: En la función `main':
CheckSymbolExists.c:(.text+0x1b): referencia a `pthread_create' sin definir
collect2: error: ld returned 1 exit status
CMakeFiles/cmTC_6e95e.dir/build.make:97: fallo en las instrucciones para el objetivo 'cmTC_6e95e'
make[1]: *** [cmTC_6e95e] Error 1
make[1]: se sale del directorio '/home/shaenar/TFM_DeepLearning/build/turtlebot3_msgs/CMakeFiles/CMakeTmp'
Makefile:126: fallo en las instrucciones para el objetivo 'cmTC_6e95e/fast'
make: *** [cmTC_6e95e/fast] Error 2

File /home/shaenar/TFM_DeepLearning/build/turtlebot3_msgs/CMakeFiles/CMakeTmp/CheckSymbolExists.c:
/* */
#include <pthread.h>

int main(int argc, char** argv)
{
  (void)argv;
#ifndef pthread_create
  return ((int*)(&pthread_create))[argc];
#else
  (void)argc;
  return 0;
#endif
}

Determining if the function pthread_create exists in the pthreads failed with the following output:
Change Dir: /home/shaenar/TFM_DeepLearning/build/turtlebot3_msgs/CMakeFiles/CMakeTmp

Run Build Command:"/usr/bin/make" "cmTC_7890c/fast"
/usr/bin/make -f CMakeFiles/cmTC_7890c.dir/build.make CMakeFiles/cmTC_7890c.dir/build
make[1]: se entra en el directorio '/home/shaenar/TFM_DeepLearning/build/turtlebot3_msgs/CMakeFiles/CMakeTmp'
Building C object CMakeFiles/cmTC_7890c.dir/CheckFunctionExists.c.o
/usr/bin/cc   -DCHECK_FUNCTION_EXISTS=pthread_create   -o CMakeFiles/cmTC_7890c.dir/CheckFunctionExists.c.o   -c /usr/share/cmake-3.10/Modules/CheckFunctionExists.c
Linking C executable cmTC_7890c
/usr/bin/cmake -E cmake_link_script CMakeFiles/cmTC_7890c.dir/link.txt --verbose=1
/usr/bin/cc  -DCHECK_FUNCTION_EXISTS=pthread_create    -rdynamic CMakeFiles/cmTC_7890c.dir/CheckFunctionExists.c.o  -o cmTC_7890c -lpthreads 
/usr/bin/ld: no se puede encontrar -lpthreads
collect2: error: ld returned 1 exit status
CMakeFiles/cmTC_7890c.dir/build.make:97: fallo en las instrucciones para el objetivo 'cmTC_7890c'
make[1]: *** [cmTC_7890c] Error 1
make[1]: se sale del directorio '/home/shaenar/TFM_DeepLearning/build/turtlebot3_msgs/CMakeFiles/CMakeTmp'
Makefile:126: fallo en las instrucciones para el objetivo 'cmTC_7890c/fast'
make: *** [cmTC_7890c/fast] Error 2


